<?xml version="1.0" encoding="UTF-8"?>
<!-- Generated by org.testng.reporters.JUnitReportReporter -->
<testsuite hostname="USER-20170725RR" name="Sprog.writeoutdata" tests="1" failures="0" timestamp="6 Mar 2018 06:54:13 GMT" time="3.825" errors="0">
  <testcase name="f" time="3.825" classname="Sprog.writeoutdata"/>
</testsuite> <!-- Sprog.writeoutdata -->
