<?xml version="1.0" encoding="UTF-8"?>
<!-- Generated by org.testng.reporters.JUnitReportReporter -->
<testsuite hostname="USER-20170725RR" name="Sprog.writetodatabase" tests="1" failures="0" timestamp="1 Mar 2018 03:17:02 GMT" time="12.726" errors="0">
  <testcase name="f" time="12.726" classname="Sprog.writetodatabase"/>
</testsuite> <!-- Sprog.writetodatabase -->
