<?xml version="1.0" encoding="UTF-8"?>
<!-- Generated by org.testng.reporters.JUnitReportReporter -->
<testsuite hostname="USER-20170725RR" name="Sprog.datatest" tests="1" failures="0" timestamp="28 Feb 2018 05:43:01 GMT" time="0.200" errors="0">
  <testcase name="f" time="0.200" classname="Sprog.datatest"/>
</testsuite> <!-- Sprog.datatest -->
